SF:lib/converter/currency_converter.dart
DA:4,1
DA:8,1
DA:9,4
LF:3
LH:3
end_of_record
SF:lib/converter/currency_converter_component.dart
DA:16,1
DA:17,0
DA:18,0
DA:20,3
DA:26,1
DA:30,3
DA:31,2
DA:32,2
DA:34,3
DA:37,1
DA:38,3
DA:41,1
DA:43,4
DA:44,2
DA:46,1
DA:48,1
DA:49,1
DA:50,3
DA:51,1
DA:52,3
DA:53,1
DA:54,3
DA:55,1
DA:56,3
DA:57,1
DA:59,3
DA:62,3
DA:65,1
DA:66,3
DA:68,3
DA:69,3
DA:70,1
DA:71,2
LF:33
LH:31
end_of_record
SF:lib/converter/model/currency.dart
DA:2,1
DA:8,2
DA:10,2
DA:12,2
DA:14,3
DA:16,3
DA:18,3
DA:20,2
DA:22,2
DA:24,2
LF:10
LH:10
end_of_record
SF:lib/converter/currency_repository.dart
DA:6,1
DA:8,5
DA:11,1
DA:12,2
LF:4
LH:4
end_of_record
SF:lib/converter/model/conversion_currency_event.dart
DA:7,1
DA:8,1
LF:2
LH:2
end_of_record
SF:lib/converter/model/conversion_event.dart
DA:1,6
DA:4,1
LF:2
LH:2
end_of_record
SF:lib/converter/model/conversion_result_event.dart
DA:4,2
LF:1
LH:1
end_of_record
SF:lib/converter/model/conversion_table_event.dart
DA:6,1
DA:7,1
LF:2
LH:2
end_of_record
SF:lib/ui/model/conversion_row.dart
DA:2,3
DA:7,3
DA:9,3
DA:13,18
DA:16,1
DA:17,4
LF:6
LH:6
end_of_record
SF:lib/ui/model/conversion_table.dart
DA:6,2
DA:13,2
DA:14,8
DA:16,10
DA:17,10
LF:5
LH:5
end_of_record
SF:lib/ui/model/currency_symbol.dart
DA:2,2
DA:9,2
DA:13,2
DA:17,2
DA:21,2
DA:23,2
DA:27,6
DA:30,1
DA:31,2
LF:9
LH:9
end_of_record
SF:lib/ui/conversion_table_widget.dart
DA:6,0
DA:10,0
DA:12,0
DA:15,0
DA:17,0
DA:19,0
DA:21,0
DA:22,0
DA:23,0
DA:24,0
DA:25,0
DA:26,0
DA:28,0
DA:30,0
DA:32,0
DA:36,0
DA:37,0
DA:38,0
DA:40,0
DA:42,0
DA:44,0
DA:47,0
LF:22
LH:0
end_of_record
