SF:lib/converter/currency_converter_component.dart
DA:16,2
DA:17,1
DA:18,2
DA:20,6
DA:26,2
DA:30,6
DA:31,4
DA:32,4
DA:34,6
DA:37,2
DA:38,6
DA:41,2
DA:43,8
DA:44,4
DA:46,2
DA:48,2
DA:49,2
DA:50,6
DA:51,2
DA:52,6
DA:53,2
DA:54,6
DA:55,2
DA:56,6
DA:57,2
DA:59,6
DA:62,6
DA:65,2
DA:66,6
DA:68,6
DA:69,6
DA:70,2
DA:71,4
LF:33
LH:33
end_of_record
SF:lib/converter/currency_repository.dart
DA:6,2
DA:8,10
DA:11,2
DA:12,4
LF:4
LH:4
end_of_record
SF:lib/converter/model/conversion_currency_event.dart
DA:7,2
DA:8,2
LF:2
LH:2
end_of_record
SF:lib/converter/model/conversion_result_event.dart
DA:4,4
LF:1
LH:1
end_of_record
SF:lib/converter/model/conversion_table_event.dart
DA:6,2
DA:7,2
LF:2
LH:2
end_of_record
SF:lib/converter/model/currency.dart
DA:2,1
DA:8,3
DA:10,3
DA:12,3
DA:14,4
DA:16,4
DA:18,4
DA:20,3
DA:22,3
DA:24,3
LF:10
LH:10
end_of_record
SF:lib/ui/model/conversion_row.dart
DA:2,4
DA:7,4
DA:9,4
DA:13,24
DA:16,1
DA:17,4
LF:6
LH:6
end_of_record
SF:lib/ui/model/conversion_table.dart
DA:6,3
DA:13,3
DA:14,12
DA:16,15
DA:17,15
LF:5
LH:5
end_of_record
SF:lib/ui/model/currency_symbol.dart
DA:2,3
DA:9,2
DA:13,2
DA:17,2
DA:21,3
DA:23,3
DA:27,9
DA:30,1
DA:31,2
LF:9
LH:9
end_of_record
SF:lib/converter/currency_converter.dart
DA:4,2
DA:8,2
DA:9,8
LF:3
LH:3
end_of_record
SF:lib/converter/model/conversion_event.dart
DA:1,7
DA:4,2
LF:2
LH:2
end_of_record
SF:lib/ui/conversion_table_widget.dart
DA:6,0
DA:10,0
DA:12,0
DA:15,0
DA:17,0
DA:19,0
DA:21,0
DA:22,0
DA:23,0
DA:24,0
DA:25,0
DA:26,0
DA:28,0
DA:30,0
DA:32,0
DA:36,0
DA:37,0
DA:38,0
DA:40,0
DA:42,0
DA:44,0
DA:47,0
LF:22
LH:0
end_of_record
